2025-01-15 09:05:31.628 | INFO     | feed_poller:__init__:44 - Feed Poller initialized with 1 feeds
2025-01-15 09:05:31.641 | INFO     | redis_client:setup:20 - Successfully connected to Redis at localhost:6379
2025-01-15 09:05:31.742 | INFO     | feed_poller:setup:59 - Feed Poller setup completed
2025-01-15 09:05:31.744 | INFO     | feed_poller:poll_feeds:289 - Starting feed polling with 1 feeds
2025-01-15 09:05:33.814 | INFO     | feed_poller:poll_feeds:324 - Current buffer size: 15/15
2025-01-15 09:05:33.836 | INFO     | feed_poller:poll_feeds:325 - Sleeping for 60 seconds
2025-01-15 09:06:35.883 | INFO     | feed_poller:poll_feeds:324 - Current buffer size: 15/15
2025-01-15 09:06:35.883 | INFO     | feed_poller:poll_feeds:325 - Sleeping for 60 seconds
2025-01-15 09:07:08.186 | INFO     | feed_poller:get_initial_articles:281 - Returning 15 initial articles
2025-01-15 09:07:08.246 | INFO     | __main__:get_articles:91 - Full content served - Buffer: 15/15
2025-01-15 09:07:37.526 | INFO     | feed_poller:poll_feeds:324 - Current buffer size: 15/15
2025-01-15 09:07:37.527 | INFO     | feed_poller:poll_feeds:325 - Sleeping for 60 seconds
2025-01-15 09:08:39.858 | INFO     | feed_poller:poll_feeds:324 - Current buffer size: 15/15
2025-01-15 09:08:39.858 | INFO     | feed_poller:poll_feeds:325 - Sleeping for 60 seconds
2025-01-15 09:09:41.842 | INFO     | feed_poller:poll_feeds:324 - Current buffer size: 15/15
2025-01-15 09:09:41.842 | INFO     | feed_poller:poll_feeds:325 - Sleeping for 60 seconds
2025-01-15 09:10:45.099 | INFO     | feed_poller:poll_feeds:324 - Current buffer size: 15/15
2025-01-15 09:10:45.099 | INFO     | feed_poller:poll_feeds:325 - Sleeping for 60 seconds
2025-01-15 09:11:47.026 | INFO     | feed_poller:poll_feeds:324 - Current buffer size: 15/15
2025-01-15 09:11:47.031 | INFO     | feed_poller:poll_feeds:325 - Sleeping for 60 seconds
2025-01-15 09:12:48.891 | INFO     | feed_poller:poll_feeds:324 - Current buffer size: 15/15
2025-01-15 09:12:48.892 | INFO     | feed_poller:poll_feeds:325 - Sleeping for 60 seconds
2025-01-15 09:13:50.509 | INFO     | feed_poller:poll_feeds:324 - Current buffer size: 15/15
2025-01-15 09:13:50.509 | INFO     | feed_poller:poll_feeds:325 - Sleeping for 60 seconds
2025-01-15 09:14:53.403 | INFO     | feed_poller:poll_feeds:324 - Current buffer size: 15/15
2025-01-15 09:14:53.403 | INFO     | feed_poller:poll_feeds:325 - Sleeping for 60 seconds
2025-01-15 09:15:55.743 | INFO     | feed_poller:poll_feeds:324 - Current buffer size: 15/15
2025-01-15 09:15:55.744 | INFO     | feed_poller:poll_feeds:325 - Sleeping for 60 seconds
2025-01-15 09:16:57.448 | INFO     | feed_poller:poll_feeds:324 - Current buffer size: 15/15
2025-01-15 09:16:57.448 | INFO     | feed_poller:poll_feeds:325 - Sleeping for 60 seconds
2025-01-15 09:17:59.389 | INFO     | feed_poller:poll_feeds:324 - Current buffer size: 15/15
2025-01-15 09:17:59.389 | INFO     | feed_poller:poll_feeds:325 - Sleeping for 60 seconds
2025-01-15 09:19:01.131 | INFO     | feed_poller:poll_feeds:324 - Current buffer size: 15/15
2025-01-15 09:19:01.132 | INFO     | feed_poller:poll_feeds:325 - Sleeping for 60 seconds
2025-01-15 09:20:03.216 | INFO     | feed_poller:poll_feeds:324 - Current buffer size: 15/15
2025-01-15 09:20:03.217 | INFO     | feed_poller:poll_feeds:325 - Sleeping for 60 seconds
2025-01-15 09:21:05.430 | INFO     | feed_poller:poll_feeds:324 - Current buffer size: 15/15
2025-01-15 09:21:05.430 | INFO     | feed_poller:poll_feeds:325 - Sleeping for 60 seconds
2025-01-15 09:22:07.060 | INFO     | feed_poller:poll_feeds:324 - Current buffer size: 15/15
2025-01-15 09:22:07.061 | INFO     | feed_poller:poll_feeds:325 - Sleeping for 60 seconds
2025-01-15 09:23:09.790 | INFO     | feed_poller:poll_feeds:324 - Current buffer size: 15/15
2025-01-15 09:23:09.790 | INFO     | feed_poller:poll_feeds:325 - Sleeping for 60 seconds
2025-01-15 09:24:11.435 | INFO     | feed_poller:poll_feeds:324 - Current buffer size: 15/15
2025-01-15 09:24:11.435 | INFO     | feed_poller:poll_feeds:325 - Sleeping for 60 seconds
2025-01-15 09:25:13.043 | INFO     | feed_poller:poll_feeds:324 - Current buffer size: 15/15
2025-01-15 09:25:13.043 | INFO     | feed_poller:poll_feeds:325 - Sleeping for 60 seconds
2025-01-15 09:26:14.885 | INFO     | feed_poller:poll_feeds:324 - Current buffer size: 15/15
2025-01-15 09:26:14.885 | INFO     | feed_poller:poll_feeds:325 - Sleeping for 60 seconds
2025-01-15 09:27:16.742 | INFO     | feed_poller:poll_feeds:324 - Current buffer size: 15/15
2025-01-15 09:27:16.742 | INFO     | feed_poller:poll_feeds:325 - Sleeping for 60 seconds
2025-01-15 09:28:18.642 | INFO     | feed_poller:poll_feeds:324 - Current buffer size: 15/15
2025-01-15 09:28:18.642 | INFO     | feed_poller:poll_feeds:325 - Sleeping for 60 seconds
2025-01-15 09:29:20.627 | INFO     | feed_poller:poll_feeds:324 - Current buffer size: 15/15
2025-01-15 09:29:20.627 | INFO     | feed_poller:poll_feeds:325 - Sleeping for 60 seconds
2025-01-15 09:30:22.582 | INFO     | feed_poller:poll_feeds:324 - Current buffer size: 15/15
2025-01-15 09:30:22.582 | INFO     | feed_poller:poll_feeds:325 - Sleeping for 60 seconds
2025-01-15 09:31:24.707 | INFO     | feed_poller:poll_feeds:324 - Current buffer size: 15/15
2025-01-15 09:31:24.708 | INFO     | feed_poller:poll_feeds:325 - Sleeping for 60 seconds
2025-01-15 09:32:26.947 | INFO     | feed_poller:poll_feeds:324 - Current buffer size: 15/15
2025-01-15 09:32:26.949 | INFO     | feed_poller:poll_feeds:325 - Sleeping for 60 seconds
2025-01-15 09:33:28.602 | INFO     | feed_poller:poll_feeds:324 - Current buffer size: 15/15
2025-01-15 09:33:28.603 | INFO     | feed_poller:poll_feeds:325 - Sleeping for 60 seconds
2025-01-15 09:34:30.510 | INFO     | feed_poller:poll_feeds:324 - Current buffer size: 15/15
2025-01-15 09:34:30.511 | INFO     | feed_poller:poll_feeds:325 - Sleeping for 60 seconds
2025-01-15 09:35:32.663 | INFO     | feed_poller:poll_feeds:324 - Current buffer size: 15/15
2025-01-15 09:35:32.664 | INFO     | feed_poller:poll_feeds:325 - Sleeping for 60 seconds
2025-01-15 09:36:34.441 | INFO     | feed_poller:poll_feeds:324 - Current buffer size: 15/15
2025-01-15 09:36:34.448 | INFO     | feed_poller:poll_feeds:325 - Sleeping for 60 seconds
2025-01-15 09:37:36.070 | INFO     | feed_poller:poll_feeds:324 - Current buffer size: 15/15
2025-01-15 09:37:36.087 | INFO     | feed_poller:poll_feeds:325 - Sleeping for 60 seconds
2025-01-15 09:38:37.879 | INFO     | feed_poller:poll_feeds:324 - Current buffer size: 15/15
2025-01-15 09:38:37.879 | INFO     | feed_poller:poll_feeds:325 - Sleeping for 60 seconds
2025-01-15 09:39:39.507 | INFO     | feed_poller:poll_feeds:324 - Current buffer size: 15/15
2025-01-15 09:39:39.508 | INFO     | feed_poller:poll_feeds:325 - Sleeping for 60 seconds
2025-01-15 09:40:41.558 | INFO     | feed_poller:poll_feeds:324 - Current buffer size: 15/15
2025-01-15 09:40:41.558 | INFO     | feed_poller:poll_feeds:325 - Sleeping for 60 seconds
2025-01-15 09:41:43.324 | INFO     | feed_poller:poll_feeds:324 - Current buffer size: 15/15
2025-01-15 09:41:43.324 | INFO     | feed_poller:poll_feeds:325 - Sleeping for 60 seconds
2025-01-15 09:42:45.249 | INFO     | feed_poller:poll_feeds:324 - Current buffer size: 15/15
2025-01-15 09:42:45.280 | INFO     | feed_poller:poll_feeds:325 - Sleeping for 60 seconds
2025-01-15 09:43:47.236 | INFO     | feed_poller:poll_feeds:324 - Current buffer size: 15/15
2025-01-15 09:43:47.236 | INFO     | feed_poller:poll_feeds:325 - Sleeping for 60 seconds
2025-01-15 09:44:49.308 | INFO     | feed_poller:poll_feeds:324 - Current buffer size: 15/15
2025-01-15 09:44:49.308 | INFO     | feed_poller:poll_feeds:325 - Sleeping for 60 seconds
2025-01-15 09:45:51.289 | INFO     | feed_poller:poll_feeds:324 - Current buffer size: 15/15
2025-01-15 09:45:51.290 | INFO     | feed_poller:poll_feeds:325 - Sleeping for 60 seconds
2025-01-15 09:46:52.995 | INFO     | feed_poller:poll_feeds:324 - Current buffer size: 15/15
2025-01-15 09:46:52.997 | INFO     | feed_poller:poll_feeds:325 - Sleeping for 60 seconds
2025-01-15 09:47:55.044 | INFO     | feed_poller:poll_feeds:324 - Current buffer size: 15/15
2025-01-15 09:47:55.044 | INFO     | feed_poller:poll_feeds:325 - Sleeping for 60 seconds
2025-01-15 09:48:57.032 | INFO     | feed_poller:poll_feeds:324 - Current buffer size: 15/15
2025-01-15 09:48:57.032 | INFO     | feed_poller:poll_feeds:325 - Sleeping for 60 seconds
2025-01-15 09:49:58.930 | INFO     | feed_poller:poll_feeds:324 - Current buffer size: 15/15
2025-01-15 09:49:58.934 | INFO     | feed_poller:poll_feeds:325 - Sleeping for 60 seconds
2025-01-15 09:51:00.895 | INFO     | feed_poller:poll_feeds:324 - Current buffer size: 15/15
2025-01-15 09:51:00.895 | INFO     | feed_poller:poll_feeds:325 - Sleeping for 60 seconds
2025-01-15 09:52:02.621 | INFO     | feed_poller:poll_feeds:324 - Current buffer size: 15/15
2025-01-15 09:52:02.621 | INFO     | feed_poller:poll_feeds:325 - Sleeping for 60 seconds
2025-01-15 09:53:04.610 | INFO     | feed_poller:poll_feeds:324 - Current buffer size: 15/15
2025-01-15 09:53:04.610 | INFO     | feed_poller:poll_feeds:325 - Sleeping for 60 seconds
2025-01-15 09:54:06.302 | INFO     | feed_poller:poll_feeds:324 - Current buffer size: 15/15
2025-01-15 09:54:06.302 | INFO     | feed_poller:poll_feeds:325 - Sleeping for 60 seconds
2025-01-15 09:55:08.040 | INFO     | feed_poller:poll_feeds:324 - Current buffer size: 15/15
2025-01-15 09:55:08.040 | INFO     | feed_poller:poll_feeds:325 - Sleeping for 60 seconds
2025-01-15 09:56:09.649 | INFO     | feed_poller:poll_feeds:324 - Current buffer size: 15/15
2025-01-15 09:56:09.649 | INFO     | feed_poller:poll_feeds:325 - Sleeping for 60 seconds
2025-01-15 09:57:11.394 | INFO     | feed_poller:poll_feeds:324 - Current buffer size: 15/15
2025-01-15 09:57:11.394 | INFO     | feed_poller:poll_feeds:325 - Sleeping for 60 seconds
2025-01-15 09:58:13.397 | INFO     | feed_poller:poll_feeds:324 - Current buffer size: 15/15
2025-01-15 09:58:13.397 | INFO     | feed_poller:poll_feeds:325 - Sleeping for 60 seconds
2025-01-15 09:59:15.416 | INFO     | feed_poller:poll_feeds:324 - Current buffer size: 15/15
2025-01-15 09:59:15.416 | INFO     | feed_poller:poll_feeds:325 - Sleeping for 60 seconds
2025-01-15 10:00:17.403 | INFO     | feed_poller:poll_feeds:324 - Current buffer size: 15/15
2025-01-15 10:00:17.403 | INFO     | feed_poller:poll_feeds:325 - Sleeping for 60 seconds
2025-01-15 10:01:19.119 | INFO     | feed_poller:poll_feeds:324 - Current buffer size: 15/15
2025-01-15 10:01:19.119 | INFO     | feed_poller:poll_feeds:325 - Sleeping for 60 seconds
2025-01-15 10:02:20.570 | INFO     | feed_poller:poll_feeds:324 - Current buffer size: 15/15
2025-01-15 10:02:20.570 | INFO     | feed_poller:poll_feeds:325 - Sleeping for 60 seconds
2025-01-15 10:03:22.535 | INFO     | feed_poller:poll_feeds:324 - Current buffer size: 15/15
2025-01-15 10:03:22.535 | INFO     | feed_poller:poll_feeds:325 - Sleeping for 60 seconds
2025-01-15 10:04:24.662 | INFO     | feed_poller:poll_feeds:324 - Current buffer size: 15/15
2025-01-15 10:04:24.662 | INFO     | feed_poller:poll_feeds:325 - Sleeping for 60 seconds
2025-01-15 10:05:26.291 | INFO     | feed_poller:poll_feeds:324 - Current buffer size: 15/15
2025-01-15 10:05:26.291 | INFO     | feed_poller:poll_feeds:325 - Sleeping for 60 seconds
2025-01-15 10:06:27.646 | INFO     | feed_poller:poll_feeds:324 - Current buffer size: 15/15
2025-01-15 10:06:27.646 | INFO     | feed_poller:poll_feeds:325 - Sleeping for 60 seconds
2025-01-15 10:07:29.304 | INFO     | feed_poller:poll_feeds:324 - Current buffer size: 15/15
2025-01-15 10:07:29.304 | INFO     | feed_poller:poll_feeds:325 - Sleeping for 60 seconds
2025-01-15 10:08:31.269 | INFO     | feed_poller:poll_feeds:324 - Current buffer size: 15/15
2025-01-15 10:08:31.285 | INFO     | feed_poller:poll_feeds:325 - Sleeping for 60 seconds
2025-01-15 10:09:33.274 | INFO     | feed_poller:poll_feeds:324 - Current buffer size: 15/15
2025-01-15 10:09:33.275 | INFO     | feed_poller:poll_feeds:325 - Sleeping for 60 seconds
2025-01-15 10:10:34.641 | INFO     | feed_poller:poll_feeds:324 - Current buffer size: 15/15
2025-01-15 10:10:34.642 | INFO     | feed_poller:poll_feeds:325 - Sleeping for 60 seconds
2025-01-15 10:11:36.249 | INFO     | feed_poller:poll_feeds:324 - Current buffer size: 15/15
2025-01-15 10:11:36.249 | INFO     | feed_poller:poll_feeds:325 - Sleeping for 60 seconds
2025-01-15 10:12:37.641 | INFO     | feed_poller:poll_feeds:324 - Current buffer size: 15/15
2025-01-15 10:12:37.641 | INFO     | feed_poller:poll_feeds:325 - Sleeping for 60 seconds
2025-01-15 10:13:39.656 | INFO     | feed_poller:poll_feeds:324 - Current buffer size: 15/15
2025-01-15 10:13:39.660 | INFO     | feed_poller:poll_feeds:325 - Sleeping for 60 seconds
2025-01-15 10:14:41.652 | INFO     | feed_poller:poll_feeds:324 - Current buffer size: 15/15
2025-01-15 10:14:41.661 | INFO     | feed_poller:poll_feeds:325 - Sleeping for 60 seconds
2025-01-15 10:15:43.322 | INFO     | feed_poller:poll_feeds:324 - Current buffer size: 15/15
2025-01-15 10:15:43.322 | INFO     | feed_poller:poll_feeds:325 - Sleeping for 60 seconds
2025-01-15 10:16:44.687 | INFO     | feed_poller:poll_feeds:324 - Current buffer size: 15/15
2025-01-15 10:16:44.688 | INFO     | feed_poller:poll_feeds:325 - Sleeping for 60 seconds
2025-01-15 10:17:46.637 | INFO     | feed_poller:poll_feeds:324 - Current buffer size: 15/15
2025-01-15 10:17:46.638 | INFO     | feed_poller:poll_feeds:325 - Sleeping for 60 seconds
2025-01-15 10:18:48.584 | INFO     | feed_poller:poll_feeds:324 - Current buffer size: 15/15
2025-01-15 10:18:48.585 | INFO     | feed_poller:poll_feeds:325 - Sleeping for 60 seconds
2025-01-15 10:19:50.642 | INFO     | feed_poller:poll_feeds:324 - Current buffer size: 15/15
2025-01-15 10:19:50.643 | INFO     | feed_poller:poll_feeds:325 - Sleeping for 60 seconds
2025-01-15 10:20:52.655 | INFO     | feed_poller:poll_feeds:324 - Current buffer size: 15/15
2025-01-15 10:20:52.656 | INFO     | feed_poller:poll_feeds:325 - Sleeping for 60 seconds
2025-01-15 10:21:54.326 | INFO     | feed_poller:poll_feeds:324 - Current buffer size: 15/15
2025-01-15 10:21:54.326 | INFO     | feed_poller:poll_feeds:325 - Sleeping for 60 seconds
2025-01-15 10:22:55.718 | INFO     | feed_poller:poll_feeds:324 - Current buffer size: 15/15
2025-01-15 10:22:55.720 | INFO     | feed_poller:poll_feeds:325 - Sleeping for 60 seconds
2025-01-15 10:23:57.666 | INFO     | feed_poller:poll_feeds:324 - Current buffer size: 15/15
2025-01-15 10:23:57.670 | INFO     | feed_poller:poll_feeds:325 - Sleeping for 60 seconds
2025-01-15 10:24:59.352 | INFO     | feed_poller:poll_feeds:324 - Current buffer size: 15/15
2025-01-15 10:24:59.352 | INFO     | feed_poller:poll_feeds:325 - Sleeping for 60 seconds
2025-01-15 10:26:01.312 | INFO     | feed_poller:poll_feeds:324 - Current buffer size: 15/15
2025-01-15 10:26:01.313 | INFO     | feed_poller:poll_feeds:325 - Sleeping for 60 seconds
2025-01-15 10:27:03.861 | INFO     | feed_poller:poll_feeds:324 - Current buffer size: 15/15
2025-01-15 10:27:03.861 | INFO     | feed_poller:poll_feeds:325 - Sleeping for 60 seconds
2025-01-15 10:28:06.062 | INFO     | feed_poller:poll_feeds:324 - Current buffer size: 15/15
2025-01-15 10:28:06.062 | INFO     | feed_poller:poll_feeds:325 - Sleeping for 60 seconds
2025-01-15 10:29:07.772 | INFO     | feed_poller:poll_feeds:324 - Current buffer size: 15/15
2025-01-15 10:29:07.772 | INFO     | feed_poller:poll_feeds:325 - Sleeping for 60 seconds
2025-01-15 10:30:09.894 | INFO     | feed_poller:poll_feeds:324 - Current buffer size: 15/15
2025-01-15 10:30:09.894 | INFO     | feed_poller:poll_feeds:325 - Sleeping for 60 seconds
2025-01-15 10:31:12.157 | INFO     | feed_poller:poll_feeds:324 - Current buffer size: 15/15
2025-01-15 10:31:12.157 | INFO     | feed_poller:poll_feeds:325 - Sleeping for 60 seconds
2025-01-15 10:32:13.476 | INFO     | feed_poller:poll_feeds:324 - Current buffer size: 15/15
2025-01-15 10:32:13.477 | INFO     | feed_poller:poll_feeds:325 - Sleeping for 60 seconds
2025-01-15 10:33:15.472 | INFO     | feed_poller:poll_feeds:324 - Current buffer size: 15/15
2025-01-15 10:33:15.472 | INFO     | feed_poller:poll_feeds:325 - Sleeping for 60 seconds
2025-01-15 10:34:17.521 | INFO     | feed_poller:poll_feeds:324 - Current buffer size: 15/15
2025-01-15 10:34:17.521 | INFO     | feed_poller:poll_feeds:325 - Sleeping for 60 seconds
2025-01-15 10:35:19.201 | INFO     | feed_poller:poll_feeds:324 - Current buffer size: 15/15
2025-01-15 10:35:19.202 | INFO     | feed_poller:poll_feeds:325 - Sleeping for 60 seconds
2025-01-15 10:36:20.993 | INFO     | feed_poller:poll_feeds:324 - Current buffer size: 15/15
2025-01-15 10:36:20.993 | INFO     | feed_poller:poll_feeds:325 - Sleeping for 60 seconds
2025-01-15 10:37:22.694 | INFO     | feed_poller:poll_feeds:324 - Current buffer size: 15/15
2025-01-15 10:37:22.698 | INFO     | feed_poller:poll_feeds:325 - Sleeping for 60 seconds
2025-01-15 10:38:24.694 | INFO     | feed_poller:poll_feeds:324 - Current buffer size: 15/15
2025-01-15 10:38:24.695 | INFO     | feed_poller:poll_feeds:325 - Sleeping for 60 seconds
2025-01-15 10:39:26.452 | INFO     | feed_poller:poll_feeds:324 - Current buffer size: 15/15
2025-01-15 10:39:26.452 | INFO     | feed_poller:poll_feeds:325 - Sleeping for 60 seconds
2025-01-15 10:40:28.421 | INFO     | feed_poller:poll_feeds:324 - Current buffer size: 15/15
2025-01-15 10:40:28.422 | INFO     | feed_poller:poll_feeds:325 - Sleeping for 60 seconds
2025-01-15 10:41:30.882 | INFO     | feed_poller:poll_feeds:324 - Current buffer size: 15/15
2025-01-15 10:41:30.882 | INFO     | feed_poller:poll_feeds:325 - Sleeping for 60 seconds
2025-01-15 10:42:32.563 | INFO     | feed_poller:poll_feeds:324 - Current buffer size: 15/15
2025-01-15 10:42:32.564 | INFO     | feed_poller:poll_feeds:325 - Sleeping for 60 seconds
2025-01-15 10:43:34.247 | INFO     | feed_poller:poll_feeds:324 - Current buffer size: 15/15
2025-01-15 10:43:34.247 | INFO     | feed_poller:poll_feeds:325 - Sleeping for 60 seconds
2025-01-15 10:44:35.622 | INFO     | feed_poller:poll_feeds:324 - Current buffer size: 15/15
2025-01-15 10:44:35.623 | INFO     | feed_poller:poll_feeds:325 - Sleeping for 60 seconds
2025-01-15 10:45:37.584 | INFO     | feed_poller:poll_feeds:324 - Current buffer size: 15/15
2025-01-15 10:45:37.591 | INFO     | feed_poller:poll_feeds:325 - Sleeping for 60 seconds
2025-01-15 10:46:39.589 | INFO     | feed_poller:poll_feeds:324 - Current buffer size: 15/15
2025-01-15 10:46:39.589 | INFO     | feed_poller:poll_feeds:325 - Sleeping for 60 seconds
2025-01-15 10:47:42.164 | INFO     | feed_poller:poll_feeds:324 - Current buffer size: 15/15
2025-01-15 10:47:42.164 | INFO     | feed_poller:poll_feeds:325 - Sleeping for 60 seconds
2025-01-15 10:48:43.879 | INFO     | feed_poller:poll_feeds:324 - Current buffer size: 15/15
2025-01-15 10:48:43.879 | INFO     | feed_poller:poll_feeds:325 - Sleeping for 60 seconds
2025-01-15 10:49:46.178 | INFO     | feed_poller:poll_feeds:324 - Current buffer size: 15/15
2025-01-15 10:49:46.178 | INFO     | feed_poller:poll_feeds:325 - Sleeping for 60 seconds
2025-01-15 10:50:48.199 | INFO     | feed_poller:poll_feeds:324 - Current buffer size: 15/15
2025-01-15 10:50:48.199 | INFO     | feed_poller:poll_feeds:325 - Sleeping for 60 seconds
2025-01-15 10:51:49.570 | INFO     | feed_poller:poll_feeds:324 - Current buffer size: 15/15
2025-01-15 10:51:49.585 | INFO     | feed_poller:poll_feeds:325 - Sleeping for 60 seconds
2025-01-15 10:52:51.571 | INFO     | feed_poller:poll_feeds:324 - Current buffer size: 15/15
2025-01-15 10:52:51.571 | INFO     | feed_poller:poll_feeds:325 - Sleeping for 60 seconds
2025-01-15 10:53:53.574 | INFO     | feed_poller:poll_feeds:324 - Current buffer size: 15/15
2025-01-15 10:53:53.574 | INFO     | feed_poller:poll_feeds:325 - Sleeping for 60 seconds
2025-01-15 10:54:55.580 | INFO     | feed_poller:poll_feeds:324 - Current buffer size: 15/15
2025-01-15 10:54:55.581 | INFO     | feed_poller:poll_feeds:325 - Sleeping for 60 seconds
2025-01-15 10:55:57.458 | INFO     | feed_poller:poll_feeds:324 - Current buffer size: 15/15
2025-01-15 10:55:57.459 | INFO     | feed_poller:poll_feeds:325 - Sleeping for 60 seconds
2025-01-15 10:56:59.509 | INFO     | feed_poller:poll_feeds:324 - Current buffer size: 15/15
2025-01-15 10:56:59.510 | INFO     | feed_poller:poll_feeds:325 - Sleeping for 60 seconds
2025-01-15 10:58:01.529 | INFO     | feed_poller:poll_feeds:324 - Current buffer size: 15/15
2025-01-15 10:58:01.529 | INFO     | feed_poller:poll_feeds:325 - Sleeping for 60 seconds
2025-01-15 10:59:03.694 | INFO     | feed_poller:poll_feeds:324 - Current buffer size: 15/15
2025-01-15 10:59:03.694 | INFO     | feed_poller:poll_feeds:325 - Sleeping for 60 seconds
2025-01-15 11:00:05.493 | INFO     | feed_poller:poll_feeds:324 - Current buffer size: 15/15
2025-01-15 11:00:05.493 | INFO     | feed_poller:poll_feeds:325 - Sleeping for 60 seconds
2025-01-15 11:01:07.147 | INFO     | feed_poller:poll_feeds:324 - Current buffer size: 15/15
2025-01-15 11:01:07.147 | INFO     | feed_poller:poll_feeds:325 - Sleeping for 60 seconds
2025-01-15 11:02:08.593 | INFO     | feed_poller:poll_feeds:324 - Current buffer size: 15/15
2025-01-15 11:02:08.594 | INFO     | feed_poller:poll_feeds:325 - Sleeping for 60 seconds
2025-01-15 11:03:10.206 | INFO     | feed_poller:poll_feeds:324 - Current buffer size: 15/15
2025-01-15 11:03:10.206 | INFO     | feed_poller:poll_feeds:325 - Sleeping for 60 seconds
2025-01-15 11:04:12.038 | INFO     | feed_poller:poll_feeds:324 - Current buffer size: 15/15
2025-01-15 11:04:12.038 | INFO     | feed_poller:poll_feeds:325 - Sleeping for 60 seconds
2025-01-15 11:05:14.002 | INFO     | feed_poller:poll_feeds:324 - Current buffer size: 15/15
2025-01-15 11:05:14.003 | INFO     | feed_poller:poll_feeds:325 - Sleeping for 60 seconds
2025-01-15 11:06:15.689 | INFO     | feed_poller:poll_feeds:324 - Current buffer size: 15/15
2025-01-15 11:06:15.689 | INFO     | feed_poller:poll_feeds:325 - Sleeping for 60 seconds
2025-01-15 11:07:17.443 | INFO     | feed_poller:poll_feeds:324 - Current buffer size: 15/15
2025-01-15 11:07:17.443 | INFO     | feed_poller:poll_feeds:325 - Sleeping for 60 seconds
2025-01-15 11:08:19.403 | INFO     | feed_poller:poll_feeds:324 - Current buffer size: 15/15
2025-01-15 11:08:19.403 | INFO     | feed_poller:poll_feeds:325 - Sleeping for 60 seconds
2025-01-15 11:09:21.508 | INFO     | feed_poller:poll_feeds:324 - Current buffer size: 15/15
2025-01-15 11:09:21.508 | INFO     | feed_poller:poll_feeds:325 - Sleeping for 60 seconds
2025-01-15 11:10:23.527 | INFO     | feed_poller:poll_feeds:324 - Current buffer size: 15/15
2025-01-15 11:10:23.527 | INFO     | feed_poller:poll_feeds:325 - Sleeping for 60 seconds
2025-01-15 11:11:25.545 | INFO     | feed_poller:poll_feeds:324 - Current buffer size: 15/15
2025-01-15 11:11:25.546 | INFO     | feed_poller:poll_feeds:325 - Sleeping for 60 seconds
2025-01-15 11:12:27.494 | INFO     | feed_poller:poll_feeds:324 - Current buffer size: 15/15
2025-01-15 11:12:27.494 | INFO     | feed_poller:poll_feeds:325 - Sleeping for 60 seconds
2025-01-15 11:13:29.413 | INFO     | feed_poller:poll_feeds:324 - Current buffer size: 15/15
2025-01-15 11:13:29.413 | INFO     | feed_poller:poll_feeds:325 - Sleeping for 60 seconds
2025-01-15 11:14:31.558 | INFO     | feed_poller:poll_feeds:324 - Current buffer size: 15/15
2025-01-15 11:14:31.558 | INFO     | feed_poller:poll_feeds:325 - Sleeping for 60 seconds
2025-01-15 11:15:33.623 | INFO     | feed_poller:poll_feeds:324 - Current buffer size: 15/15
2025-01-15 11:15:33.623 | INFO     | feed_poller:poll_feeds:325 - Sleeping for 60 seconds
2025-01-15 11:16:35.704 | INFO     | feed_poller:poll_feeds:324 - Current buffer size: 15/15
2025-01-15 11:16:35.704 | INFO     | feed_poller:poll_feeds:325 - Sleeping for 60 seconds
2025-01-15 11:17:37.629 | INFO     | feed_poller:poll_feeds:324 - Current buffer size: 15/15
2025-01-15 11:17:37.629 | INFO     | feed_poller:poll_feeds:325 - Sleeping for 60 seconds
2025-01-15 11:18:39.644 | INFO     | feed_poller:poll_feeds:324 - Current buffer size: 15/15
2025-01-15 11:18:39.644 | INFO     | feed_poller:poll_feeds:325 - Sleeping for 60 seconds
2025-01-15 11:19:41.504 | INFO     | feed_poller:poll_feeds:324 - Current buffer size: 15/15
2025-01-15 11:19:41.504 | INFO     | feed_poller:poll_feeds:325 - Sleeping for 60 seconds
2025-01-15 11:20:43.587 | INFO     | feed_poller:poll_feeds:324 - Current buffer size: 15/15
2025-01-15 11:20:43.588 | INFO     | feed_poller:poll_feeds:325 - Sleeping for 60 seconds
2025-01-15 11:21:45.567 | INFO     | feed_poller:poll_feeds:324 - Current buffer size: 15/15
2025-01-15 11:21:45.569 | INFO     | feed_poller:poll_feeds:325 - Sleeping for 60 seconds
2025-01-15 11:22:47.233 | INFO     | feed_poller:poll_feeds:324 - Current buffer size: 15/15
2025-01-15 11:22:47.233 | INFO     | feed_poller:poll_feeds:325 - Sleeping for 60 seconds
2025-01-15 11:23:49.453 | INFO     | feed_poller:poll_feeds:324 - Current buffer size: 15/15
2025-01-15 11:23:49.454 | INFO     | feed_poller:poll_feeds:325 - Sleeping for 60 seconds
2025-01-15 11:24:51.594 | INFO     | feed_poller:poll_feeds:324 - Current buffer size: 15/15
2025-01-15 11:24:51.594 | INFO     | feed_poller:poll_feeds:325 - Sleeping for 60 seconds
2025-01-15 11:25:53.564 | INFO     | feed_poller:poll_feeds:324 - Current buffer size: 15/15
2025-01-15 11:25:53.564 | INFO     | feed_poller:poll_feeds:325 - Sleeping for 60 seconds
2025-01-15 11:26:55.317 | INFO     | feed_poller:poll_feeds:324 - Current buffer size: 15/15
2025-01-15 11:26:55.317 | INFO     | feed_poller:poll_feeds:325 - Sleeping for 60 seconds
2025-01-15 11:27:57.454 | INFO     | feed_poller:poll_feeds:324 - Current buffer size: 15/15
2025-01-15 11:27:57.454 | INFO     | feed_poller:poll_feeds:325 - Sleeping for 60 seconds
2025-01-15 11:28:59.603 | INFO     | feed_poller:poll_feeds:324 - Current buffer size: 15/15
2025-01-15 11:28:59.603 | INFO     | feed_poller:poll_feeds:325 - Sleeping for 60 seconds
2025-01-15 11:30:01.666 | INFO     | feed_poller:poll_feeds:324 - Current buffer size: 15/15
2025-01-15 11:30:01.666 | INFO     | feed_poller:poll_feeds:325 - Sleeping for 60 seconds
2025-01-15 11:31:03.734 | INFO     | feed_poller:poll_feeds:324 - Current buffer size: 15/15
2025-01-15 11:31:03.734 | INFO     | feed_poller:poll_feeds:325 - Sleeping for 60 seconds
2025-01-15 11:32:05.692 | INFO     | feed_poller:poll_feeds:324 - Current buffer size: 15/15
2025-01-15 11:32:05.692 | INFO     | feed_poller:poll_feeds:325 - Sleeping for 60 seconds
2025-01-15 11:33:07.763 | INFO     | feed_poller:poll_feeds:324 - Current buffer size: 15/15
2025-01-15 11:33:07.764 | INFO     | feed_poller:poll_feeds:325 - Sleeping for 60 seconds
2025-01-15 11:34:09.864 | INFO     | feed_poller:poll_feeds:324 - Current buffer size: 15/15
2025-01-15 11:34:09.864 | INFO     | feed_poller:poll_feeds:325 - Sleeping for 60 seconds
2025-01-15 11:35:11.863 | INFO     | feed_poller:poll_feeds:324 - Current buffer size: 15/15
2025-01-15 11:35:11.863 | INFO     | feed_poller:poll_feeds:325 - Sleeping for 60 seconds
2025-01-15 11:36:13.494 | INFO     | feed_poller:poll_feeds:324 - Current buffer size: 15/15
2025-01-15 11:36:13.494 | INFO     | feed_poller:poll_feeds:325 - Sleeping for 60 seconds
2025-01-15 11:37:15.209 | INFO     | feed_poller:poll_feeds:324 - Current buffer size: 15/15
2025-01-15 11:37:15.211 | INFO     | feed_poller:poll_feeds:325 - Sleeping for 60 seconds
2025-01-15 11:38:17.147 | INFO     | feed_poller:poll_feeds:324 - Current buffer size: 15/15
2025-01-15 11:38:17.149 | INFO     | feed_poller:poll_feeds:325 - Sleeping for 60 seconds
